<?xml version="1.0" encoding="UTF-8"?>
<!-- Generated by org.testng.reporters.JUnitReportReporter -->
<testsuite skipped="0" hostname="ReyaLabPC" name="test.LoginTest" tests="1" failures="0" timestamp="2021-09-14T18:06:30 PDT" time="17.533" errors="0">
  <testcase name="validUserShouldBeAbleToLogin" time="17.533" classname="test.LoginTest"/>
  <system-out/>
</testsuite> <!-- test.LoginTest -->
